This file contains any messages produced by compilers while
running configure, to aid debugging if configure makes a mistake.

It was created by configure, which was
generated by GNU Autoconf 2.72.  Invocation command line was

  $ ./configure --with-ssh2=/usr/local/opt/libssh2

## --------- ##
## Platform. ##
## --------- ##

hostname = MacBook-Pro-de-Abou-Salih.local
uname -m = arm64
uname -r = 24.4.0
uname -s = Darwin
uname -v = Darwin Kernel Version 24.4.0: Tue Mar  4 21:05:05 PST 2025; root:xnu-11417.100.576.505.3~2/RELEASE_ARM64_T8103

/usr/bin/uname -p = arm
/bin/uname -X     = unknown

/bin/arch              = unknown
/usr/bin/arch -k       = unknown
/usr/convex/getsysinfo = unknown
/usr/bin/hostinfo      = Mach kernel version:
	 Darwin Kernel Version 24.4.0: Tue Mar  4 21:05:05 PST 2025; root:xnu-11417.100.576.505.3~2/RELEASE_ARM64_T8103
Kernel configured for up to 8 processors.
8 processors are physically available.
8 processors are logically available.
Processor type: arm64e (ARM64E)
Processors active: 0 1 2 3 4 5 6 7
Primary memory available: 8.00 gigabytes
Default processor set: 565 tasks, 3273 threads, 8 processors
Load average: 11.65, Mach factor: 1.94
/bin/machine           = unknown
/usr/bin/oslevel       = unknown
/bin/universe          = unknown

PATH: /opt/local/bin/
PATH: /opt/local/sbin/
PATH: /opt/homebrew/bin/
PATH: /opt/homebrew/sbin/
PATH: /Library/Frameworks/Python.framework/Versions/3.12/bin/
PATH: /usr/local/bin/
PATH: /System/Cryptexes/App/usr/bin/
PATH: /usr/bin/
PATH: /bin/
PATH: /usr/sbin/
PATH: /sbin/
PATH: /var/run/com.apple.security.cryptexd/codex.system/bootstrap/usr/local/bin/
PATH: /var/run/com.apple.security.cryptexd/codex.system/bootstrap/usr/bin/
PATH: /var/run/com.apple.security.cryptexd/codex.system/bootstrap/usr/appleinternal/bin/
PATH: /Library/Apple/usr/bin/
PATH: /Applications/Wireshark.app/Contents/MacOS/
PATH: /usr/local/share/dotnet/
PATH: ~/.dotnet/tools/
PATH: /usr/local/go/bin/
PATH: /opt/local/bin/
PATH: /opt/local/sbin/
PATH: /Users/administrateur/Library/Application Support/Code/User/globalStorage/github.copilot-chat/debugCommand/


## ----------- ##
## Core tests. ##
## ----------- ##

configure:2506: looking for aux files: config.guess config.sub
configure:2519:  trying ./build/
configure:2548:   ./build/config.guess found
configure:2548:   ./build/config.sub found
configure:2666: checking for grep that handles long lines and -e
configure:2732: result: /usr/bin/grep
configure:2737: checking for egrep
configure:2807: result: /usr/bin/grep -E
configure:2814: checking for a sed that does not truncate output
configure:2886: result: /usr/bin/sed
configure:2963: checking build system type
configure:2979: result: aarch64-apple-darwin24.4.0
configure:2999: checking host system type
configure:3014: result: aarch64-apple-darwin24.4.0
configure:3034: checking target system type
configure:3049: result: aarch64-apple-darwin24.4.0
configure:3101: checking for gawk
configure:3138: result: no
configure:3101: checking for nawk
configure:3138: result: no
configure:3101: checking for awk
configure:3123: found /usr/bin/awk
configure:3135: result: awk
configure:3157: checking if awk is broken
configure:3167: result: no
configure:3243: checking for pkg-config
configure:3266: found /opt/local/bin/pkg-config
configure:3279: result: /opt/local/bin/pkg-config
configure:3304: checking pkg-config is at least version 0.9.0
configure:3307: result: yes
configure:3384: checking for cc
configure:3405: found /usr/bin/cc
configure:3417: result: cc
configure:3448: checking for C compiler version
configure:3457: cc --version >&5
Apple clang version 16.0.0 (clang-1600.0.26.6)
Target: arm64-apple-darwin24.4.0
Thread model: posix
InstalledDir: /Applications/Xcode.app/Contents/Developer/Toolchains/XcodeDefault.xctoolchain/usr/bin
configure:3468: $? = 0
configure:3457: cc -v >&5
Apple clang version 16.0.0 (clang-1600.0.26.6)
Target: arm64-apple-darwin24.4.0
Thread model: posix
InstalledDir: /Applications/Xcode.app/Contents/Developer/Toolchains/XcodeDefault.xctoolchain/usr/bin
configure:3468: $? = 0
configure:3457: cc -V >&5
clang: error: argument to '-V' is missing (expected 1 value)
clang: error: no input files
configure:3468: $? = 1
configure:3457: cc -qversion >&5
clang: error: unknown argument '-qversion'; did you mean '--version'?
clang: error: no input files
configure:3468: $? = 1
configure:3457: cc -version >&5
clang: error: unknown argument '-version'; did you mean '--version'?
clang: error: no input files
configure:3468: $? = 1
configure:3488: checking whether the C compiler works
configure:3510: cc    conftest.c  >&5
configure:3514: $? = 0
configure:3565: result: yes
configure:3569: checking for C compiler default output file name
configure:3571: result: a.out
configure:3577: checking for suffix of executables
configure:3584: cc -o conftest    conftest.c  >&5
configure:3588: $? = 0
configure:3612: result: 
configure:3636: checking whether we are cross compiling
configure:3644: cc -o conftest    conftest.c  >&5
configure:3648: $? = 0
configure:3655: ./conftest
configure:3659: $? = 0
configure:3674: result: no
configure:3680: checking for suffix of object files
configure:3703: cc -c   conftest.c >&5
configure:3707: $? = 0
configure:3731: result: o
configure:3735: checking whether the compiler supports GNU C
configure:3755: cc -c   conftest.c >&5
configure:3755: $? = 0
configure:3767: result: yes
configure:3778: checking whether cc accepts -g
configure:3799: cc -c -g  conftest.c >&5
configure:3799: $? = 0
configure:3846: result: yes
configure:3866: checking for cc option to enable C11 features
configure:3881: cc  -c -g -O2  conftest.c >&5
configure:3881: $? = 0
configure:3900: result: none needed
configure:4024: checking how to run the C preprocessor
configure:4050: cc -E  conftest.c
configure:4050: $? = 0
configure:4066: cc -E  conftest.c
conftest.c:9:10: fatal error: 'ac_nonexistent.h' file not found
    9 | #include <ac_nonexistent.h>
      |          ^~~~~~~~~~~~~~~~~~
1 error generated.
configure:4066: $? = 1
configure: failed program was:
| /* confdefs.h */
| #define PACKAGE_NAME ""
| #define PACKAGE_TARNAME ""
| #define PACKAGE_VERSION ""
| #define PACKAGE_STRING ""
| #define PACKAGE_BUGREPORT ""
| #define PACKAGE_URL ""
| /* end confdefs.h.  */
| #include <ac_nonexistent.h>
configure:4095: result: cc -E
configure:4109: cc -E  conftest.c
configure:4109: $? = 0
configure:4125: cc -E  conftest.c
conftest.c:9:10: fatal error: 'ac_nonexistent.h' file not found
    9 | #include <ac_nonexistent.h>
      |          ^~~~~~~~~~~~~~~~~~
1 error generated.
configure:4125: $? = 1
configure: failed program was:
| /* confdefs.h */
| #define PACKAGE_NAME ""
| #define PACKAGE_TARNAME ""
| #define PACKAGE_VERSION ""
| #define PACKAGE_STRING ""
| #define PACKAGE_BUGREPORT ""
| #define PACKAGE_URL ""
| /* end confdefs.h.  */
| #include <ac_nonexistent.h>
configure:4158: checking for egrep -e
configure:4288: result: /usr/bin/grep -E
configure:4294: checking for icc
configure:4304: result: no
configure:4319: checking for suncc
configure:4329: result: no
configure:4348: checking for system library directory
configure:4365: result: lib
configure:4372: checking if compiler supports -Wl,-rpath,
configure:4392: cc -o conftest -g -O2   conftest.c -Wl,-rpath,/usr/lib  >&5
configure:4392: $? = 0
configure:4405: result: yes
configure:4529: checking for PHP prefix
configure:4531: result: /opt/homebrew/Cellar/php/8.4.4
configure:4533: checking for PHP includes
configure:4535: result: -I/opt/homebrew/Cellar/php/8.4.4/include/php -I/opt/homebrew/Cellar/php/8.4.4/include/php/main -I/opt/homebrew/Cellar/php/8.4.4/include/php/TSRM -I/opt/homebrew/Cellar/php/8.4.4/include/php/Zend -I/opt/homebrew/Cellar/php/8.4.4/include/php/ext -I/opt/homebrew/Cellar/php/8.4.4/include/php/ext/date/lib
configure:4537: checking for PHP extension directory
configure:4539: result: /opt/homebrew/Cellar/php/8.4.4/pecl/20240924
configure:4541: checking for PHP installed headers prefix
configure:4543: result: /opt/homebrew/Cellar/php/8.4.4/include/php
configure:4546: checking if debugging is enabled
configure:4570: result: no
configure:4573: checking if PHP is built with thread safety (ZTS)
configure:4597: result: no
configure:4674: result: 
configure:4676: result: [1mConfiguring extension[m
configure:4684: checking for ssh2 support
configure:4726: result: yes, shared
configure:4738: checking for ssh2 files in default path
configure:4750: result: not found
configure:4752: error: The required libssh2 library was not found.  You can obtain that package from http://sourceforge.net/projects/libssh2/

## ---------------- ##
## Cache variables. ##
## ---------------- ##

ac_cv_build=aarch64-apple-darwin24.4.0
ac_cv_c_compiler_gnu=yes
ac_cv_env_CC_set=
ac_cv_env_CC_value=
ac_cv_env_CFLAGS_set=
ac_cv_env_CFLAGS_value=
ac_cv_env_CPPFLAGS_set=
ac_cv_env_CPPFLAGS_value=
ac_cv_env_CPP_set=
ac_cv_env_CPP_value=
ac_cv_env_LDFLAGS_set=
ac_cv_env_LDFLAGS_value=
ac_cv_env_LIBS_set=
ac_cv_env_LIBS_value=
ac_cv_env_PKG_CONFIG_LIBDIR_set=
ac_cv_env_PKG_CONFIG_LIBDIR_value=
ac_cv_env_PKG_CONFIG_PATH_set=
ac_cv_env_PKG_CONFIG_PATH_value=
ac_cv_env_PKG_CONFIG_set=
ac_cv_env_PKG_CONFIG_value=
ac_cv_env_build_alias_set=
ac_cv_env_build_alias_value=
ac_cv_env_host_alias_set=
ac_cv_env_host_alias_value=
ac_cv_env_target_alias_set=
ac_cv_env_target_alias_value=
ac_cv_host=aarch64-apple-darwin24.4.0
ac_cv_objext=o
ac_cv_path_EGREP='/usr/bin/grep -E'
ac_cv_path_EGREP_TRADITIONAL='/usr/bin/grep -E'
ac_cv_path_GREP=/usr/bin/grep
ac_cv_path_SED=/usr/bin/sed
ac_cv_path_ac_pt_PKG_CONFIG=/opt/local/bin/pkg-config
ac_cv_prog_AWK=awk
ac_cv_prog_CPP='cc -E'
ac_cv_prog_ac_ct_CC=cc
ac_cv_prog_cc_c11=
ac_cv_prog_cc_g=yes
ac_cv_prog_cc_stdc=
ac_cv_target=aarch64-apple-darwin24.4.0
php_cv_cc_rpath=yes

## ----------------- ##
## Output variables. ##
## ----------------- ##

AR=''
AWK='awk'
BUILD_CC=''
CC='cc'
CFLAGS='-g -O2'
CONFIGURE_COMMAND=' '\''./configure'\''  '\''--with-ssh2=/usr/local/opt/libssh2'\'''
CONFIGURE_OPTIONS=' '\''--with-ssh2=/usr/local/opt/libssh2'\'''
CPP='cc -E'
CPPFLAGS=''
DEFS=''
DSYMUTIL=''
ECHO='/bin/echo'
ECHO_C='\c'
ECHO_N=''
ECHO_T=''
EGREP='/usr/bin/grep -E'
EXEEXT=''
GREP='/usr/bin/grep'
LDFLAGS=''
LIBOBJS=''
LIBS=''
LIBTOOL=''
LN_S=''
LTLIBOBJS=''
NMEDIT=''
OBJEXT='o'
PACKAGE_BUGREPORT=''
PACKAGE_NAME=''
PACKAGE_STRING=''
PACKAGE_TARNAME=''
PACKAGE_URL=''
PACKAGE_VERSION=''
PATH_SEPARATOR=':'
PKG_CONFIG='/opt/local/bin/pkg-config'
PKG_CONFIG_LIBDIR=''
PKG_CONFIG_PATH=''
RANLIB=''
SED='/usr/bin/sed'
SHELL='/bin/sh'
SHLIB_DL_SUFFIX_NAME='so'
SHLIB_SUFFIX_NAME='dylib'
STRIP=''
ac_ct_CC='cc'
bindir='${exec_prefix}/bin'
build='aarch64-apple-darwin24.4.0'
build_alias=''
build_cpu='aarch64'
build_os='darwin24.4.0'
build_vendor='apple'
datadir='${datarootdir}'
datarootdir='${prefix}/share'
docdir='${datarootdir}/doc/${PACKAGE}'
dvidir='${docdir}'
exec_prefix='NONE'
host='aarch64-apple-darwin24.4.0'
host_alias='aarch64-apple-darwin24.4.0'
host_cpu='aarch64'
host_os='darwin24.4.0'
host_vendor='apple'
htmldir='${docdir}'
includedir='${prefix}/include'
infodir='${datarootdir}/info'
libdir='${exec_prefix}/lib'
libexecdir='${exec_prefix}/libexec'
localedir='${datarootdir}/locale'
localstatedir='${prefix}/var'
mandir='${datarootdir}/man'
oldincludedir='/usr/include'
pdfdir='${docdir}'
prefix='/opt/homebrew/Cellar/php/8.4.4'
program_transform_name='s,x,x,'
psdir='${docdir}'
runstatedir='${localstatedir}/run'
sbindir='${exec_prefix}/sbin'
sharedstatedir='${prefix}/com'
sysconfdir='${prefix}/etc'
target='aarch64-apple-darwin24.4.0'
target_alias=''
target_cpu='aarch64'
target_os='darwin24.4.0'
target_vendor='apple'

## ----------- ##
## confdefs.h. ##
## ----------- ##

/* confdefs.h */
#define PACKAGE_NAME ""
#define PACKAGE_TARNAME ""
#define PACKAGE_VERSION ""
#define PACKAGE_STRING ""
#define PACKAGE_BUGREPORT ""
#define PACKAGE_URL ""

configure: exit 1
